  [1m[35m (360.7ms)[0m  [1m[35mCREATE DATABASE "final_api_development" ENCODING = 'unicode'[0m
  [1m[35m (158.9ms)[0m  [1m[35mCREATE DATABASE "final_api_test" ENCODING = 'unicode'[0m
  [1m[35m (52.5ms)[0m  [1m[35mCREATE TABLE "schema_migrations" ("version" character varying NOT NULL PRIMARY KEY)[0m
  [1m[35m (8.4ms)[0m  [1m[35mCREATE TABLE "ar_internal_metadata" ("key" character varying NOT NULL PRIMARY KEY, "value" character varying, "created_at" timestamp(6) NOT NULL, "updated_at" timestamp(6) NOT NULL)[0m
  [1m[35m (1.9ms)[0m  [1m[34mSELECT pg_try_advisory_lock(1446487261892759940)[0m
  [1m[35m (2.4ms)[0m  [1m[34mSELECT "schema_migrations"."version" FROM "schema_migrations" ORDER BY "schema_migrations"."version" ASC[0m
Migrating to CreateProfiles (20200525013857)
  [1m[35m (0.3ms)[0m  [1m[35mBEGIN[0m
  [1m[35m (20.9ms)[0m  [1m[35mCREATE TABLE "profiles" ("id" bigserial primary key, "name" character varying, "age" character varying, "diagnosis" character varying, "behaviors" character varying, "motivators" character varying, "communication" character varying, "created_at" timestamp(6) NOT NULL, "updated_at" timestamp(6) NOT NULL)[0m
  [1m[36mprimary::SchemaMigration Create (3.1ms)[0m  [1m[32mINSERT INTO "schema_migrations" ("version") VALUES ($1) RETURNING "version"[0m  [["version", "20200525013857"]]
  [1m[35m (1.6ms)[0m  [1m[35mCOMMIT[0m
  [1m[36mActiveRecord::InternalMetadata Load (2.5ms)[0m  [1m[34mSELECT "ar_internal_metadata".* FROM "ar_internal_metadata" WHERE "ar_internal_metadata"."key" = $1 LIMIT $2[0m  [["key", "environment"], ["LIMIT", 1]]
  [1m[35m (0.4ms)[0m  [1m[35mBEGIN[0m
  [1m[36mActiveRecord::InternalMetadata Create (4.5ms)[0m  [1m[32mINSERT INTO "ar_internal_metadata" ("key", "value", "created_at", "updated_at") VALUES ($1, $2, $3, $4) RETURNING "key"[0m  [["key", "environment"], ["value", "development"], ["created_at", "2020-05-25 01:39:55.541857"], ["updated_at", "2020-05-25 01:39:55.541857"]]
  [1m[35m (1.5ms)[0m  [1m[35mCOMMIT[0m
  [1m[35m (0.6ms)[0m  [1m[34mSELECT pg_advisory_unlock(1446487261892759940)[0m
  [1m[35m (1.0ms)[0m  [1m[34mSELECT "schema_migrations"."version" FROM "schema_migrations" ORDER BY "schema_migrations"."version" ASC[0m
Started GET "/keyboard" for ::1 at 2020-05-24 19:53:27 -0600
  [1m[35m (2.2ms)[0m  [1m[34mSELECT "schema_migrations"."version" FROM "schema_migrations" ORDER BY "schema_migrations"."version" ASC[0m
  
ActionController::RoutingError (No route matches [GET] "/keyboard"):
  
actionpack (6.0.3.1) lib/action_dispatch/middleware/debug_exceptions.rb:36:in `call'
actionpack (6.0.3.1) lib/action_dispatch/middleware/show_exceptions.rb:33:in `call'
railties (6.0.3.1) lib/rails/rack/logger.rb:37:in `call_app'
railties (6.0.3.1) lib/rails/rack/logger.rb:26:in `block in call'
activesupport (6.0.3.1) lib/active_support/tagged_logging.rb:80:in `block in tagged'
activesupport (6.0.3.1) lib/active_support/tagged_logging.rb:28:in `tagged'
activesupport (6.0.3.1) lib/active_support/tagged_logging.rb:80:in `tagged'
railties (6.0.3.1) lib/rails/rack/logger.rb:26:in `call'
actionpack (6.0.3.1) lib/action_dispatch/middleware/remote_ip.rb:81:in `call'
actionpack (6.0.3.1) lib/action_dispatch/middleware/request_id.rb:27:in `call'
rack (2.2.2) lib/rack/runtime.rb:22:in `call'
activesupport (6.0.3.1) lib/active_support/cache/strategy/local_cache_middleware.rb:29:in `call'
actionpack (6.0.3.1) lib/action_dispatch/middleware/executor.rb:14:in `call'
actionpack (6.0.3.1) lib/action_dispatch/middleware/static.rb:126:in `call'
rack (2.2.2) lib/rack/sendfile.rb:110:in `call'
actionpack (6.0.3.1) lib/action_dispatch/middleware/host_authorization.rb:82:in `call'
railties (6.0.3.1) lib/rails/engine.rb:527:in `call'
puma (4.3.5) lib/puma/configuration.rb:228:in `call'
puma (4.3.5) lib/puma/server.rb:713:in `handle_request'
puma (4.3.5) lib/puma/server.rb:472:in `process_client'
puma (4.3.5) lib/puma/server.rb:328:in `block in run'
puma (4.3.5) lib/puma/thread_pool.rb:134:in `block in spawn_thread'
Started GET "/keyboard" for ::1 at 2020-05-24 19:53:50 -0600
  
ActionController::RoutingError (No route matches [GET] "/keyboard"):
  
actionpack (6.0.3.1) lib/action_dispatch/middleware/debug_exceptions.rb:36:in `call'
actionpack (6.0.3.1) lib/action_dispatch/middleware/show_exceptions.rb:33:in `call'
railties (6.0.3.1) lib/rails/rack/logger.rb:37:in `call_app'
railties (6.0.3.1) lib/rails/rack/logger.rb:26:in `block in call'
activesupport (6.0.3.1) lib/active_support/tagged_logging.rb:80:in `block in tagged'
activesupport (6.0.3.1) lib/active_support/tagged_logging.rb:28:in `tagged'
activesupport (6.0.3.1) lib/active_support/tagged_logging.rb:80:in `tagged'
railties (6.0.3.1) lib/rails/rack/logger.rb:26:in `call'
actionpack (6.0.3.1) lib/action_dispatch/middleware/remote_ip.rb:81:in `call'
actionpack (6.0.3.1) lib/action_dispatch/middleware/request_id.rb:27:in `call'
rack (2.2.2) lib/rack/runtime.rb:22:in `call'
activesupport (6.0.3.1) lib/active_support/cache/strategy/local_cache_middleware.rb:29:in `call'
actionpack (6.0.3.1) lib/action_dispatch/middleware/executor.rb:14:in `call'
actionpack (6.0.3.1) lib/action_dispatch/middleware/static.rb:126:in `call'
rack (2.2.2) lib/rack/sendfile.rb:110:in `call'
actionpack (6.0.3.1) lib/action_dispatch/middleware/host_authorization.rb:82:in `call'
railties (6.0.3.1) lib/rails/engine.rb:527:in `call'
puma (4.3.5) lib/puma/configuration.rb:228:in `call'
puma (4.3.5) lib/puma/server.rb:713:in `handle_request'
puma (4.3.5) lib/puma/server.rb:472:in `process_client'
puma (4.3.5) lib/puma/server.rb:328:in `block in run'
puma (4.3.5) lib/puma/thread_pool.rb:134:in `block in spawn_thread'
Started GET "/rails/info/routes?path=/" for ::1 at 2020-05-24 19:53:53 -0600
Processing by Rails::InfoController#routes as */*
  Parameters: {"path"=>"/"}
Completed 200 OK in 5ms (Views: 2.3ms | ActiveRecord: 0.0ms | Allocations: 856)


Started GET "/rails/info/routes?path=/key" for ::1 at 2020-05-24 19:53:54 -0600
Processing by Rails::InfoController#routes as */*
  Parameters: {"path"=>"/key"}
Completed 200 OK in 2ms (Views: 0.6ms | ActiveRecord: 0.0ms | Allocations: 268)


Started GET "/rails/info/routes?path=/keyboard" for ::1 at 2020-05-24 19:53:55 -0600
Processing by Rails::InfoController#routes as */*
  Parameters: {"path"=>"/keyboard"}
Completed 200 OK in 1ms (Views: 0.2ms | ActiveRecord: 0.0ms | Allocations: 268)


Started GET "/rails/info/routes?path=/keyboard" for ::1 at 2020-05-24 19:53:58 -0600
Processing by Rails::InfoController#routes as */*
  Parameters: {"path"=>"/keyboard"}
Completed 200 OK in 1ms (Views: 0.2ms | ActiveRecord: 0.0ms | Allocations: 265)


Started GET "/rails/info/routes?path=/keyboard" for ::1 at 2020-05-24 19:54:00 -0600
Processing by Rails::InfoController#routes as */*
  Parameters: {"path"=>"/keyboard"}
Completed 200 OK in 1ms (Views: 0.4ms | ActiveRecord: 0.0ms | Allocations: 265)


Started GET "/profiles" for ::1 at 2020-05-24 19:56:45 -0600
Processing by ProfilesController#index as */*
  [1m[36mProfile Load (4.0ms)[0m  [1m[34mSELECT "profiles".* FROM "profiles"[0m
  ↳ app/controllers/profiles_controller.rb:8:in `index'
Completed 200 OK in 28ms (Views: 6.7ms | ActiveRecord: 14.1ms | Allocations: 2101)


Started GET "/profiles" for ::1 at 2020-05-24 20:02:56 -0600
  [1m[35m (1.6ms)[0m  [1m[34mSELECT "schema_migrations"."version" FROM "schema_migrations" ORDER BY "schema_migrations"."version" ASC[0m
Processing by ProfilesController#index as */*
  [1m[36mProfile Load (7.7ms)[0m  [1m[34mSELECT "profiles".* FROM "profiles"[0m
  ↳ app/controllers/profiles_controller.rb:8:in `index'
Completed 200 OK in 40ms (Views: 12.0ms | ActiveRecord: 21.8ms | Allocations: 2033)


Started GET "/profiles" for ::1 at 2020-05-24 20:05:16 -0600
Processing by ProfilesController#index as */*
  [1m[36mProfile Load (0.8ms)[0m  [1m[34mSELECT "profiles".* FROM "profiles"[0m
  ↳ app/controllers/profiles_controller.rb:8:in `index'
Completed 200 OK in 4ms (Views: 2.3ms | ActiveRecord: 0.8ms | Allocations: 893)


Started GET "/profiles" for ::1 at 2020-05-24 20:29:01 -0600
Processing by ProfilesController#index as */*
  [1m[36mProfile Load (3.9ms)[0m  [1m[34mSELECT "profiles".* FROM "profiles"[0m
  ↳ app/controllers/profiles_controller.rb:8:in `index'
Completed 200 OK in 99ms (Views: 42.8ms | ActiveRecord: 3.9ms | Allocations: 962)


Started GET "/profiles" for ::1 at 2020-05-24 20:52:13 -0600
Processing by ProfilesController#index as */*
  [1m[36mProfile Load (14.6ms)[0m  [1m[34mSELECT "profiles".* FROM "profiles"[0m
  ↳ app/controllers/profiles_controller.rb:8:in `index'
Completed 200 OK in 93ms (Views: 52.8ms | ActiveRecord: 14.6ms | Allocations: 963)


Started GET "/profiles" for ::1 at 2020-05-24 21:05:58 -0600
Processing by ProfilesController#index as */*
  [1m[36mProfile Load (3.7ms)[0m  [1m[34mSELECT "profiles".* FROM "profiles"[0m
  ↳ app/controllers/profiles_controller.rb:8:in `index'
Completed 200 OK in 8ms (Views: 3.8ms | ActiveRecord: 3.7ms | Allocations: 954)


Started GET "/profiles" for ::1 at 2020-05-24 21:06:28 -0600
Processing by ProfilesController#index as */*
  [1m[36mProfile Load (1.1ms)[0m  [1m[34mSELECT "profiles".* FROM "profiles"[0m
  ↳ app/controllers/profiles_controller.rb:8:in `index'
Completed 200 OK in 3ms (Views: 1.6ms | ActiveRecord: 1.1ms | Allocations: 876)


Started GET "/profiles" for ::1 at 2020-05-24 21:07:26 -0600
Processing by ProfilesController#index as */*
  [1m[36mProfile Load (0.6ms)[0m  [1m[34mSELECT "profiles".* FROM "profiles"[0m
  ↳ app/controllers/profiles_controller.rb:8:in `index'
Completed 200 OK in 4ms (Views: 3.3ms | ActiveRecord: 0.6ms | Allocations: 876)


  [1m[35m (1.9ms)[0m  [1m[34mSELECT "schema_migrations"."version" FROM "schema_migrations" ORDER BY "schema_migrations"."version" ASC[0m
  [1m[35m (0.4ms)[0m  [1m[35mBEGIN[0m
  [1m[36mProfile Create (1.5ms)[0m  [1m[32mINSERT INTO "profiles" ("name", "age", "diagnosis", "behaviors", "motivators", "communication", "created_at", "updated_at") VALUES ($1, $2, $3, $4, $5, $6, $7, $8) RETURNING "id"[0m  [["name", "Eddie"], ["age", "22"], ["diagnosis", "autism"], ["behaviors", "yelling, elopement"], ["motivators", "food, iPad games"], ["communication", "AAC device, sign language"], ["created_at", "2020-05-25 03:25:29.161747"], ["updated_at", "2020-05-25 03:25:29.161747"]]
  [1m[35m (1.4ms)[0m  [1m[35mCOMMIT[0m
Started GET "/profiles" for ::1 at 2020-05-25 09:15:26 -0600
  [1m[35m (1.8ms)[0m  [1m[34mSELECT "schema_migrations"."version" FROM "schema_migrations" ORDER BY "schema_migrations"."version" ASC[0m
Processing by ProfilesController#index as */*
  [1m[36mProfile Load (3.5ms)[0m  [1m[34mSELECT "profiles".* FROM "profiles"[0m
  ↳ app/controllers/profiles_controller.rb:8:in `index'
Completed 200 OK in 33ms (Views: 16.2ms | ActiveRecord: 13.2ms | Allocations: 8333)


Started GET "/profiles" for ::1 at 2020-05-25 09:19:27 -0600
Processing by ProfilesController#index as */*
  [1m[36mProfile Load (0.6ms)[0m  [1m[34mSELECT "profiles".* FROM "profiles"[0m
  ↳ app/controllers/profiles_controller.rb:8:in `index'
Completed 200 OK in 5ms (Views: 3.8ms | ActiveRecord: 0.6ms | Allocations: 1091)


Started GET "/profiles" for ::1 at 2020-05-25 09:30:50 -0600
Processing by ProfilesController#index as */*
  [1m[36mProfile Load (13.6ms)[0m  [1m[34mSELECT "profiles".* FROM "profiles"[0m
  ↳ app/controllers/profiles_controller.rb:8:in `index'
Completed 200 OK in 32ms (Views: 13.2ms | ActiveRecord: 13.6ms | Allocations: 1160)


Started GET "/profiles" for ::1 at 2020-05-25 09:31:02 -0600
Processing by ProfilesController#index as */*
  [1m[36mProfile Load (0.5ms)[0m  [1m[34mSELECT "profiles".* FROM "profiles"[0m
  ↳ app/controllers/profiles_controller.rb:8:in `index'
Completed 200 OK in 4ms (Views: 3.2ms | ActiveRecord: 0.5ms | Allocations: 1074)


Started GET "/profiles" for ::1 at 2020-05-25 09:31:14 -0600
Processing by ProfilesController#index as */*
  [1m[36mProfile Load (0.6ms)[0m  [1m[34mSELECT "profiles".* FROM "profiles"[0m
  ↳ app/controllers/profiles_controller.rb:8:in `index'
Completed 200 OK in 5ms (Views: 4.2ms | ActiveRecord: 0.6ms | Allocations: 1091)


Started GET "/profiles" for ::1 at 2020-05-25 09:31:18 -0600
Processing by ProfilesController#index as */*
  [1m[36mProfile Load (1.0ms)[0m  [1m[34mSELECT "profiles".* FROM "profiles"[0m
  ↳ app/controllers/profiles_controller.rb:8:in `index'
Completed 200 OK in 4ms (Views: 3.1ms | ActiveRecord: 1.0ms | Allocations: 1074)


  [1m[35m (1.2ms)[0m  [1m[34mSELECT "schema_migrations"."version" FROM "schema_migrations" ORDER BY "schema_migrations"."version" ASC[0m
  [1m[35m (1.4ms)[0m  [1m[34mSELECT "schema_migrations"."version" FROM "schema_migrations" ORDER BY "schema_migrations"."version" ASC[0m
  [1m[35m (0.2ms)[0m  [1m[35mBEGIN[0m
  [1m[36mProfile Create (4.7ms)[0m  [1m[32mINSERT INTO "profiles" ("name", "age", "diagnosis", "behaviors", "motivators", "communication", "created_at", "updated_at") VALUES ($1, $2, $3, $4, $5, $6, $7, $8) RETURNING "id"[0m  [["name", "Eddie"], ["age", "22"], ["diagnosis", "autism"], ["behaviors", "yelling, elopement"], ["motivators", "food, iPad games"], ["communication", "AAC device, sign language"], ["created_at", "2020-05-25 15:33:27.578172"], ["updated_at", "2020-05-25 15:33:27.578172"]]
  [1m[35m (1.7ms)[0m  [1m[35mCOMMIT[0m
  [1m[35m (0.2ms)[0m  [1m[35mBEGIN[0m
  [1m[36mProfile Create (0.4ms)[0m  [1m[32mINSERT INTO "profiles" ("name", "age", "diagnosis", "behaviors", "motivators", "communication", "created_at", "updated_at") VALUES ($1, $2, $3, $4, $5, $6, $7, $8) RETURNING "id"[0m  [["name", "Eddie"], ["age", "22"], ["diagnosis", "autism"], ["behaviors", "yelling, elopement"], ["motivators", "food, iPad games"], ["communication", "AAC device, sign language"], ["created_at", "2020-05-25 15:33:27.589953"], ["updated_at", "2020-05-25 15:33:27.589953"]]
  [1m[35m (1.4ms)[0m  [1m[35mCOMMIT[0m
Started GET "/profiles" for ::1 at 2020-05-25 09:52:22 -0600
  [1m[35m (1.5ms)[0m  [1m[34mSELECT "schema_migrations"."version" FROM "schema_migrations" ORDER BY "schema_migrations"."version" ASC[0m
Processing by ProfilesController#index as */*
  [1m[36mProfile Load (2.7ms)[0m  [1m[34mSELECT "profiles".* FROM "profiles"[0m
  ↳ app/controllers/profiles_controller.rb:8:in `index'
Completed 200 OK in 36ms (Views: 19.7ms | ActiveRecord: 12.7ms | Allocations: 8730)


Started GET "/profiles" for ::1 at 2020-05-25 09:54:26 -0600
Processing by ProfilesController#index as */*
  [1m[36mProfile Load (0.6ms)[0m  [1m[34mSELECT "profiles".* FROM "profiles"[0m
  ↳ app/controllers/profiles_controller.rb:8:in `index'
Completed 200 OK in 5ms (Views: 4.1ms | ActiveRecord: 0.6ms | Allocations: 1487)


Started GET "/profiles" for ::1 at 2020-05-25 10:20:47 -0600
Processing by ProfilesController#index as */*
  [1m[36mProfile Load (2.0ms)[0m  [1m[34mSELECT "profiles".* FROM "profiles"[0m
  ↳ app/controllers/profiles_controller.rb:8:in `index'
Completed 200 OK in 34ms (Views: 27.3ms | ActiveRecord: 2.0ms | Allocations: 1556)


Started GET "/profiles" for ::1 at 2020-05-25 10:24:26 -0600
Processing by ProfilesController#index as */*
  [1m[36mProfile Load (0.4ms)[0m  [1m[34mSELECT "profiles".* FROM "profiles"[0m
  ↳ app/controllers/profiles_controller.rb:8:in `index'
Completed 200 OK in 4ms (Views: 3.6ms | ActiveRecord: 0.4ms | Allocations: 1487)


Started GET "/profiles" for ::1 at 2020-05-25 10:24:49 -0600
Processing by ProfilesController#index as */*
  [1m[36mProfile Load (0.6ms)[0m  [1m[34mSELECT "profiles".* FROM "profiles"[0m
  ↳ app/controllers/profiles_controller.rb:8:in `index'
Completed 200 OK in 5ms (Views: 4.1ms | ActiveRecord: 0.6ms | Allocations: 1470)


Started GET "/profiles" for ::1 at 2020-05-25 10:27:22 -0600
Processing by ProfilesController#index as */*
  [1m[36mProfile Load (0.6ms)[0m  [1m[34mSELECT "profiles".* FROM "profiles"[0m
  ↳ app/controllers/profiles_controller.rb:8:in `index'
Completed 200 OK in 6ms (Views: 4.7ms | ActiveRecord: 0.6ms | Allocations: 1470)


Started GET "/profiles" for ::1 at 2020-05-25 10:27:50 -0600
Processing by ProfilesController#index as */*
  [1m[36mProfile Load (0.7ms)[0m  [1m[34mSELECT "profiles".* FROM "profiles"[0m
  ↳ app/controllers/profiles_controller.rb:8:in `index'
Completed 200 OK in 4ms (Views: 2.8ms | ActiveRecord: 0.7ms | Allocations: 1487)


Started GET "/profiles" for ::1 at 2020-05-25 10:30:21 -0600
Processing by ProfilesController#index as */*
  [1m[36mProfile Load (0.7ms)[0m  [1m[34mSELECT "profiles".* FROM "profiles"[0m
  ↳ app/controllers/profiles_controller.rb:8:in `index'
Completed 200 OK in 4ms (Views: 2.6ms | ActiveRecord: 0.7ms | Allocations: 1470)


Started GET "/profiles" for ::1 at 2020-05-25 10:30:46 -0600
Processing by ProfilesController#index as */*
  [1m[36mProfile Load (0.6ms)[0m  [1m[34mSELECT "profiles".* FROM "profiles"[0m
  ↳ app/controllers/profiles_controller.rb:8:in `index'
Completed 200 OK in 6ms (Views: 4.5ms | ActiveRecord: 0.6ms | Allocations: 1470)


Started GET "/profiles" for ::1 at 2020-05-25 10:33:57 -0600
Processing by ProfilesController#index as */*
  [1m[36mProfile Load (0.6ms)[0m  [1m[34mSELECT "profiles".* FROM "profiles"[0m
  ↳ app/controllers/profiles_controller.rb:8:in `index'
Completed 200 OK in 6ms (Views: 5.4ms | ActiveRecord: 0.6ms | Allocations: 1470)


Started GET "/profiles" for ::1 at 2020-05-25 10:38:32 -0600
Processing by ProfilesController#index as */*
  [1m[36mProfile Load (0.9ms)[0m  [1m[34mSELECT "profiles".* FROM "profiles"[0m
  ↳ app/controllers/profiles_controller.rb:8:in `index'
Completed 200 OK in 10ms (Views: 8.2ms | ActiveRecord: 0.9ms | Allocations: 1470)


Started GET "/profiles" for ::1 at 2020-05-25 10:39:28 -0600
Processing by ProfilesController#index as */*
  [1m[36mProfile Load (0.6ms)[0m  [1m[34mSELECT "profiles".* FROM "profiles"[0m
  ↳ app/controllers/profiles_controller.rb:8:in `index'
Completed 200 OK in 9ms (Views: 7.4ms | ActiveRecord: 0.6ms | Allocations: 1470)


Started GET "/profiles" for ::1 at 2020-05-25 10:40:09 -0600
Processing by ProfilesController#index as */*
  [1m[36mProfile Load (0.6ms)[0m  [1m[34mSELECT "profiles".* FROM "profiles"[0m
  ↳ app/controllers/profiles_controller.rb:8:in `index'
Completed 200 OK in 9ms (Views: 7.7ms | ActiveRecord: 0.6ms | Allocations: 1470)


Started GET "/profiles" for ::1 at 2020-05-25 10:42:31 -0600
Processing by ProfilesController#index as */*
  [1m[36mProfile Load (0.7ms)[0m  [1m[34mSELECT "profiles".* FROM "profiles"[0m
  ↳ app/controllers/profiles_controller.rb:8:in `index'
Completed 200 OK in 59ms (Views: 57.7ms | ActiveRecord: 0.7ms | Allocations: 1472)


Started GET "/profiles" for ::1 at 2020-05-25 10:46:47 -0600
Processing by ProfilesController#index as */*
  [1m[36mProfile Load (1.4ms)[0m  [1m[34mSELECT "profiles".* FROM "profiles"[0m
  ↳ app/controllers/profiles_controller.rb:8:in `index'
Completed 200 OK in 15ms (Views: 10.9ms | ActiveRecord: 1.4ms | Allocations: 1470)


Started GET "/profiles" for ::1 at 2020-05-25 10:47:08 -0600
Processing by ProfilesController#index as */*
  [1m[36mProfile Load (1.0ms)[0m  [1m[34mSELECT "profiles".* FROM "profiles"[0m
  ↳ app/controllers/profiles_controller.rb:8:in `index'
Completed 200 OK in 5ms (Views: 3.4ms | ActiveRecord: 1.0ms | Allocations: 1470)


Started GET "/profiles" for ::1 at 2020-05-25 10:55:54 -0600
Processing by ProfilesController#index as */*
  [1m[36mProfile Load (2.0ms)[0m  [1m[34mSELECT "profiles".* FROM "profiles"[0m
  ↳ app/controllers/profiles_controller.rb:8:in `index'
Completed 200 OK in 10ms (Views: 6.9ms | ActiveRecord: 2.0ms | Allocations: 1545)


Started GET "/profiles" for ::1 at 2020-05-25 11:38:47 -0600
Processing by ProfilesController#index as */*
  [1m[36mProfile Load (4.4ms)[0m  [1m[34mSELECT "profiles".* FROM "profiles"[0m
  ↳ app/controllers/profiles_controller.rb:8:in `index'
Completed 200 OK in 36ms (Views: 22.6ms | ActiveRecord: 4.4ms | Allocations: 1545)


Started GET "/profiles" for ::1 at 2020-05-25 11:49:49 -0600
Processing by ProfilesController#index as */*
  [1m[36mProfile Load (1.3ms)[0m  [1m[34mSELECT "profiles".* FROM "profiles"[0m
  ↳ app/controllers/profiles_controller.rb:8:in `index'
Completed 200 OK in 6ms (Views: 4.2ms | ActiveRecord: 1.3ms | Allocations: 1546)


Started GET "/profiles" for ::1 at 2020-05-25 12:24:56 -0600
Processing by ProfilesController#index as */*
  [1m[36mProfile Load (2.5ms)[0m  [1m[34mSELECT "profiles".* FROM "profiles"[0m
  ↳ app/controllers/profiles_controller.rb:8:in `index'
Completed 200 OK in 192ms (Views: 184.2ms | ActiveRecord: 2.5ms | Allocations: 1546)


Started GET "/profiles" for ::1 at 2020-05-25 13:53:30 -0600
Processing by ProfilesController#index as */*
  [1m[36mProfile Load (5.1ms)[0m  [1m[34mSELECT "profiles".* FROM "profiles"[0m
  ↳ app/controllers/profiles_controller.rb:8:in `index'
Completed 200 OK in 31ms (Views: 19.0ms | ActiveRecord: 5.1ms | Allocations: 1545)


Started GET "/profiles" for ::1 at 2020-05-25 13:53:46 -0600
Processing by ProfilesController#index as */*
  [1m[36mProfile Load (9.5ms)[0m  [1m[34mSELECT "profiles".* FROM "profiles"[0m
  ↳ app/controllers/profiles_controller.rb:8:in `index'
Completed 200 OK in 20ms (Views: 10.3ms | ActiveRecord: 9.5ms | Allocations: 1470)


